2022-06-06 11:06:27.894 [HTTP-Dispatcher] INFO  org.easytours.tpmodel.logging.Log4JWrapper - HTTP Request incoming on: POST /add/
2022-06-06 11:27:39.450 [HTTP-Dispatcher] INFO  org.easytours.tpmodel.logging.Log4JWrapper - HTTP Request incoming on: GET /tournames/
2022-06-06 11:28:04.068 [HTTP-Dispatcher] INFO  org.easytours.tpmodel.logging.Log4JWrapper - HTTP Request incoming on: GET /tournames/
2022-06-06 11:29:36.656 [main] INFO  org.easytours.tpmodel.logging.Log4JWrapper - Starting Server at /0:0:0:0:0:0:0:0 on Port 5001
2022-06-06 11:30:05.215 [HTTP-Dispatcher] INFO  org.easytours.tpmodel.logging.Log4JWrapper - HTTP Request incoming on: GET /tournames/
2022-06-06 11:30:17.514 [HTTP-Dispatcher] INFO  org.easytours.tpmodel.logging.Log4JWrapper - HTTP Request incoming on: GET /tourimage/Tourname/
2022-06-06 11:30:37.943 [HTTP-Dispatcher] INFO  org.easytours.tpmodel.logging.Log4JWrapper - HTTP Request incoming on: GET /singleReport/Tourname/
2022-06-06 11:31:08.733 [HTTP-Dispatcher] INFO  org.easytours.tpmodel.logging.Log4JWrapper - HTTP Request incoming on: GET /summaryReport/
2022-06-06 11:31:23.293 [HTTP-Dispatcher] INFO  org.easytours.tpmodel.logging.Log4JWrapper - HTTP Request incoming on: GET /export/
2022-06-06 11:32:02.084 [HTTP-Dispatcher] INFO  org.easytours.tpmodel.logging.Log4JWrapper - HTTP Request incoming on: POST /import/
2022-06-06 11:32:02.184 [HTTP-Dispatcher] INFO  org.easytours.tpmodel.logging.Log4JWrapper - HTTP Request incoming on: GET /tournames/
2022-06-06 11:32:04.286 [HTTP-Dispatcher] INFO  org.easytours.tpmodel.logging.Log4JWrapper - HTTP Request incoming on: GET /tourimage/Tourname2/
2022-06-06 11:33:55.990 [HTTP-Dispatcher] INFO  org.easytours.tpmodel.logging.Log4JWrapper - HTTP Request incoming on: GET /tournames/
2022-06-06 11:34:01.136 [HTTP-Dispatcher] INFO  org.easytours.tpmodel.logging.Log4JWrapper - HTTP Request incoming on: GET /tournames/
2022-06-06 11:34:11.031 [HTTP-Dispatcher] INFO  org.easytours.tpmodel.logging.Log4JWrapper - HTTP Request incoming on: GET /tournames/
2022-06-06 11:34:14.589 [HTTP-Dispatcher] INFO  org.easytours.tpmodel.logging.Log4JWrapper - HTTP Request incoming on: GET /tournames/
2022-06-06 11:34:23.942 [HTTP-Dispatcher] INFO  org.easytours.tpmodel.logging.Log4JWrapper - HTTP Request incoming on: GET /tournames/
2022-06-06 11:34:28.635 [HTTP-Dispatcher] INFO  org.easytours.tpmodel.logging.Log4JWrapper - HTTP Request incoming on: GET /tournames/
2022-06-06 11:34:32.456 [HTTP-Dispatcher] INFO  org.easytours.tpmodel.logging.Log4JWrapper - HTTP Request incoming on: GET /tournames/
2022-06-06 11:35:01.468 [HTTP-Dispatcher] INFO  org.easytours.tpmodel.logging.Log4JWrapper - HTTP Request incoming on: GET /tournames/
2022-06-06 11:37:18.545 [HTTP-Dispatcher] INFO  org.easytours.tpmodel.logging.Log4JWrapper - HTTP Request incoming on: GET /tournames/
2022-06-06 12:07:49.842 [main] INFO  org.easytours.tpmodel.logging.Log4JWrapper - Starting Server at /0:0:0:0:0:0:0:0 on Port 5001
2022-06-06 12:08:09.490 [HTTP-Dispatcher] INFO  org.easytours.tpmodel.logging.Log4JWrapper - HTTP Request incoming on: GET /tournames/
2022-06-06 12:08:09.491 [HTTP-Dispatcher] DEBUG org.easytours.tpmodel.logging.Log4JWrapper - search query: null
2022-06-06 12:08:09.491 [HTTP-Dispatcher] DEBUG org.easytours.tpmodel.logging.Log4JWrapper - processed query: null
2022-06-06 12:08:26.809 [HTTP-Dispatcher] INFO  org.easytours.tpmodel.logging.Log4JWrapper - HTTP Request incoming on: GET /tourimage/Bratislava+Trip/
2022-06-06 12:09:06.364 [HTTP-Dispatcher] INFO  org.easytours.tpmodel.logging.Log4JWrapper - HTTP Request incoming on: GET /tourimage/Wirklich+echter+edin/
2022-06-06 12:09:11.704 [HTTP-Dispatcher] INFO  org.easytours.tpmodel.logging.Log4JWrapper - HTTP Request incoming on: GET /tourimage/Tour+nach+Paris/
2022-06-06 12:09:31.528 [HTTP-Dispatcher] INFO  org.easytours.tpmodel.logging.Log4JWrapper - HTTP Request incoming on: GET /tourimage/Bratislava+Trip/
2022-06-06 12:10:14.392 [HTTP-Dispatcher] INFO  org.easytours.tpmodel.logging.Log4JWrapper - HTTP Request incoming on: POST /addLog/Bratislava+Trip/
2022-06-06 12:13:51.842 [HTTP-Dispatcher] INFO  org.easytours.tpmodel.logging.Log4JWrapper - HTTP Request incoming on: GET /tournames/
2022-06-06 12:13:51.842 [HTTP-Dispatcher] DEBUG org.easytours.tpmodel.logging.Log4JWrapper - search query: null
2022-06-06 12:13:51.842 [HTTP-Dispatcher] DEBUG org.easytours.tpmodel.logging.Log4JWrapper - processed query: null
2022-06-06 12:13:54.022 [HTTP-Dispatcher] INFO  org.easytours.tpmodel.logging.Log4JWrapper - HTTP Request incoming on: GET /tourimage/Tour+nach+Paris/
2022-06-06 12:14:00.462 [HTTP-Dispatcher] INFO  org.easytours.tpmodel.logging.Log4JWrapper - HTTP Request incoming on: GET /tourimage/Tour+nach+Paris/
2022-06-06 12:14:03.500 [HTTP-Dispatcher] INFO  org.easytours.tpmodel.logging.Log4JWrapper - HTTP Request incoming on: GET /tourimage/Bratislava+Trip/
2022-06-06 12:14:05.887 [HTTP-Dispatcher] INFO  org.easytours.tpmodel.logging.Log4JWrapper - HTTP Request incoming on: GET /tourimage/Bratislava+Trip/
2022-06-06 12:14:38.774 [HTTP-Dispatcher] INFO  org.easytours.tpmodel.logging.Log4JWrapper - HTTP Request incoming on: GET /summaryReport/
2022-06-06 12:15:04.602 [HTTP-Dispatcher] INFO  org.easytours.tpmodel.logging.Log4JWrapper - HTTP Request incoming on: GET /tourimage/Wirklich+echter+edin/
2022-06-06 12:15:51.188 [HTTP-Dispatcher] INFO  org.easytours.tpmodel.logging.Log4JWrapper - HTTP Request incoming on: GET /export/
2022-06-06 12:17:08.518 [HTTP-Dispatcher] INFO  org.easytours.tpmodel.logging.Log4JWrapper - HTTP Request incoming on: GET /tournames/
2022-06-06 12:17:08.518 [HTTP-Dispatcher] DEBUG org.easytours.tpmodel.logging.Log4JWrapper - search query: null
2022-06-06 12:17:08.518 [HTTP-Dispatcher] DEBUG org.easytours.tpmodel.logging.Log4JWrapper - processed query: null
2022-06-06 12:17:14.268 [HTTP-Dispatcher] INFO  org.easytours.tpmodel.logging.Log4JWrapper - HTTP Request incoming on: GET /tourimage/Wirklich+echter+edin/
2022-06-06 12:18:11.775 [HTTP-Dispatcher] INFO  org.easytours.tpmodel.logging.Log4JWrapper - HTTP Request incoming on: GET /tournames/
2022-06-06 12:18:11.775 [HTTP-Dispatcher] DEBUG org.easytours.tpmodel.logging.Log4JWrapper - search query: null
2022-06-06 12:18:11.775 [HTTP-Dispatcher] DEBUG org.easytours.tpmodel.logging.Log4JWrapper - processed query: null
2022-06-06 12:18:19.968 [HTTP-Dispatcher] INFO  org.easytours.tpmodel.logging.Log4JWrapper - HTTP Request incoming on: GET /tourimage/Wirklich+echter+edin/
2022-06-06 12:19:19.211 [HTTP-Dispatcher] INFO  org.easytours.tpmodel.logging.Log4JWrapper - HTTP Request incoming on: GET /tournames/
2022-06-06 12:19:19.211 [HTTP-Dispatcher] DEBUG org.easytours.tpmodel.logging.Log4JWrapper - search query: null
2022-06-06 12:19:19.211 [HTTP-Dispatcher] DEBUG org.easytours.tpmodel.logging.Log4JWrapper - processed query: null
2022-06-06 12:19:20.886 [HTTP-Dispatcher] INFO  org.easytours.tpmodel.logging.Log4JWrapper - HTTP Request incoming on: GET /tourimage/Wirklich+echter+edin/
2022-06-06 12:19:24.681 [HTTP-Dispatcher] INFO  org.easytours.tpmodel.logging.Log4JWrapper - HTTP Request incoming on: GET /tourimage/Wirklich+echter+edin/
2022-06-06 12:19:28.429 [HTTP-Dispatcher] INFO  org.easytours.tpmodel.logging.Log4JWrapper - HTTP Request incoming on: GET /tourimage/Tour+nach+Paris/
2022-06-06 12:25:45.099 [HTTP-Dispatcher] INFO  org.easytours.tpmodel.logging.Log4JWrapper - HTTP Request incoming on: GET /tournames/
2022-06-06 12:25:45.099 [HTTP-Dispatcher] DEBUG org.easytours.tpmodel.logging.Log4JWrapper - search query: null
2022-06-06 12:25:45.099 [HTTP-Dispatcher] DEBUG org.easytours.tpmodel.logging.Log4JWrapper - processed query: null
2022-06-06 12:26:01.962 [HTTP-Dispatcher] INFO  org.easytours.tpmodel.logging.Log4JWrapper - HTTP Request incoming on: GET /tournames/
2022-06-06 12:26:01.963 [HTTP-Dispatcher] DEBUG org.easytours.tpmodel.logging.Log4JWrapper - search query: null
2022-06-06 12:26:01.963 [HTTP-Dispatcher] DEBUG org.easytours.tpmodel.logging.Log4JWrapper - processed query: null
2022-06-06 12:26:05.183 [HTTP-Dispatcher] INFO  org.easytours.tpmodel.logging.Log4JWrapper - HTTP Request incoming on: GET /tournames/
2022-06-06 12:26:05.184 [HTTP-Dispatcher] DEBUG org.easytours.tpmodel.logging.Log4JWrapper - search query: search=bra
2022-06-06 12:26:05.184 [HTTP-Dispatcher] DEBUG org.easytours.tpmodel.logging.Log4JWrapper - processed query: bra
2022-06-06 12:26:09.061 [HTTP-Dispatcher] INFO  org.easytours.tpmodel.logging.Log4JWrapper - HTTP Request incoming on: GET /tournames/
2022-06-06 12:26:09.061 [HTTP-Dispatcher] DEBUG org.easytours.tpmodel.logging.Log4JWrapper - search query: search=bratislava
2022-06-06 12:26:09.061 [HTTP-Dispatcher] DEBUG org.easytours.tpmodel.logging.Log4JWrapper - processed query: bratislava
2022-06-06 12:26:11.063 [HTTP-Dispatcher] INFO  org.easytours.tpmodel.logging.Log4JWrapper - HTTP Request incoming on: GET /tournames/
2022-06-06 12:26:11.063 [HTTP-Dispatcher] DEBUG org.easytours.tpmodel.logging.Log4JWrapper - search query: search=bratislava
2022-06-06 12:26:11.063 [HTTP-Dispatcher] DEBUG org.easytours.tpmodel.logging.Log4JWrapper - processed query: bratislava
2022-06-06 12:26:20.400 [HTTP-Dispatcher] INFO  org.easytours.tpmodel.logging.Log4JWrapper - HTTP Request incoming on: GET /tournames/
2022-06-06 12:26:20.400 [HTTP-Dispatcher] DEBUG org.easytours.tpmodel.logging.Log4JWrapper - search query: search=
2022-06-06 12:26:20.400 [HTTP-Dispatcher] DEBUG org.easytours.tpmodel.logging.Log4JWrapper - processed query: 
2022-06-06 12:26:24.489 [HTTP-Dispatcher] INFO  org.easytours.tpmodel.logging.Log4JWrapper - HTTP Request incoming on: GET /tournames/
2022-06-06 12:26:24.491 [HTTP-Dispatcher] DEBUG org.easytours.tpmodel.logging.Log4JWrapper - search query: search=Bra
2022-06-06 12:26:24.491 [HTTP-Dispatcher] DEBUG org.easytours.tpmodel.logging.Log4JWrapper - processed query: Bra
2022-06-06 12:26:40.803 [HTTP-Dispatcher] INFO  org.easytours.tpmodel.logging.Log4JWrapper - HTTP Request incoming on: GET /tournames/
2022-06-06 12:26:40.803 [HTTP-Dispatcher] DEBUG org.easytours.tpmodel.logging.Log4JWrapper - search query: search=Bra
2022-06-06 12:26:40.804 [HTTP-Dispatcher] DEBUG org.easytours.tpmodel.logging.Log4JWrapper - processed query: Bra
2022-06-06 12:26:44.966 [HTTP-Dispatcher] INFO  org.easytours.tpmodel.logging.Log4JWrapper - HTTP Request incoming on: GET /tourimage/Bratislava+Trip/
2022-06-06 12:26:52.489 [HTTP-Dispatcher] INFO  org.easytours.tpmodel.logging.Log4JWrapper - HTTP Request incoming on: GET /tourimage/Bratislava+Trip/
2022-06-06 12:26:55.761 [HTTP-Dispatcher] INFO  org.easytours.tpmodel.logging.Log4JWrapper - HTTP Request incoming on: GET /tourimage/Bratislava+Trip/
2022-06-06 12:27:00.825 [HTTP-Dispatcher] INFO  org.easytours.tpmodel.logging.Log4JWrapper - HTTP Request incoming on: GET /tournames/
2022-06-06 12:27:00.825 [HTTP-Dispatcher] DEBUG org.easytours.tpmodel.logging.Log4JWrapper - search query: search=Bra
2022-06-06 12:27:00.826 [HTTP-Dispatcher] DEBUG org.easytours.tpmodel.logging.Log4JWrapper - processed query: Bra
2022-06-06 12:27:06.660 [HTTP-Dispatcher] INFO  org.easytours.tpmodel.logging.Log4JWrapper - HTTP Request incoming on: GET /tournames/
2022-06-06 12:27:06.660 [HTTP-Dispatcher] DEBUG org.easytours.tpmodel.logging.Log4JWrapper - search query: search=Bra
2022-06-06 12:27:06.660 [HTTP-Dispatcher] DEBUG org.easytours.tpmodel.logging.Log4JWrapper - processed query: Bra
2022-06-06 12:27:07.502 [HTTP-Dispatcher] INFO  org.easytours.tpmodel.logging.Log4JWrapper - HTTP Request incoming on: GET /tourimage/Bratislava+Trip/
2022-06-06 12:32:50.251 [main] INFO  org.easytours.tpmodel.logging.Log4JWrapper - Starting Server at /0:0:0:0:0:0:0:0 on Port 5001
2022-06-06 12:34:55.228 [main] INFO  org.easytours.tpmodel.logging.Log4JWrapper - Starting Server at /0:0:0:0:0:0:0:0 on Port 5001
2022-06-06 12:38:28.827 [HTTP-Dispatcher] INFO  org.easytours.tpmodel.logging.Log4JWrapper - HTTP Request incoming on: GET /tournames/
2022-06-06 12:38:28.832 [HTTP-Dispatcher] INFO  org.easytours.tpmodel.logging.Log4JWrapper - HTTP Request incoming on: GET /tournames/
2022-06-06 12:38:38.566 [main] INFO  org.easytours.tpmodel.logging.Log4JWrapper - Starting Server at /0:0:0:0:0:0:0:0 on Port 5001
2022-06-06 12:38:45.283 [HTTP-Dispatcher] INFO  org.easytours.tpmodel.logging.Log4JWrapper - HTTP Request incoming on: GET /tournames/
2022-06-06 12:38:45.283 [HTTP-Dispatcher] DEBUG org.easytours.tpmodel.logging.Log4JWrapper - search query: null
2022-06-06 12:38:45.283 [HTTP-Dispatcher] DEBUG org.easytours.tpmodel.logging.Log4JWrapper - processed query: null
2022-06-06 12:39:46.313 [main] INFO  org.easytours.tpmodel.logging.Log4JWrapper - Config file created, Please fill out missing fields.
2022-06-06 12:40:54.561 [main] INFO  org.easytours.tpmodel.logging.Log4JWrapper - Starting Server at /0:0:0:0:0:0:0:0 on Port 5001
2022-06-06 12:41:03.167 [HTTP-Dispatcher] INFO  org.easytours.tpmodel.logging.Log4JWrapper - HTTP Request incoming on: GET /tournames/
2022-06-06 12:41:03.168 [HTTP-Dispatcher] DEBUG org.easytours.tpmodel.logging.Log4JWrapper - search query: null
2022-06-06 12:41:03.168 [HTTP-Dispatcher] DEBUG org.easytours.tpmodel.logging.Log4JWrapper - processed query: null
2022-06-06 13:44:38.070 [main] INFO  org.easytours.tpmodel.logging.Log4JWrapper - Starting Server at /0:0:0:0:0:0:0:0 on Port 5001
2022-06-06 13:45:10.070 [main] INFO  org.easytours.tpmodel.logging.Log4JWrapper - Starting Server at /0:0:0:0:0:0:0:0 on Port 5001
2022-06-06 13:45:34.845 [main] INFO  org.easytours.tpmodel.logging.Log4JWrapper - Starting Server at /0:0:0:0:0:0:0:0 on Port 5001
2022-06-06 13:45:39.479 [main] INFO  org.easytours.tpmodel.logging.Log4JWrapper - Starting Server at /0:0:0:0:0:0:0:0 on Port 5001
2022-06-06 13:50:12.378 [HTTP-Dispatcher] INFO  org.easytours.tpmodel.logging.Log4JWrapper - HTTP Request incoming on: GET /tournames/
2022-06-06 13:50:12.381 [HTTP-Dispatcher] DEBUG org.easytours.tpmodel.logging.Log4JWrapper - search query: null
2022-06-06 13:50:12.381 [HTTP-Dispatcher] DEBUG org.easytours.tpmodel.logging.Log4JWrapper - processed query: null
2022-06-06 13:51:01.343 [HTTP-Dispatcher] INFO  org.easytours.tpmodel.logging.Log4JWrapper - HTTP Request incoming on: POST /add/
2022-06-06 13:51:06.914 [HTTP-Dispatcher] INFO  org.easytours.tpmodel.logging.Log4JWrapper - HTTP Request incoming on: GET /tourimage/Neue+Tour/
2022-06-06 13:51:28.708 [HTTP-Dispatcher] INFO  org.easytours.tpmodel.logging.Log4JWrapper - HTTP Request incoming on: POST /addLog/Neue+Tour/
2022-06-06 13:51:58.587 [HTTP-Dispatcher] INFO  org.easytours.tpmodel.logging.Log4JWrapper - HTTP Request incoming on: POST /addLog/Neue+Tour/
2022-06-06 13:52:36.473 [HTTP-Dispatcher] INFO  org.easytours.tpmodel.logging.Log4JWrapper - HTTP Request incoming on: GET /tourimage/Neue+Tour/
2022-06-06 13:52:38.386 [HTTP-Dispatcher] INFO  org.easytours.tpmodel.logging.Log4JWrapper - HTTP Request incoming on: GET /tourimage/Neue+Tour/
2022-06-06 13:53:14.453 [HTTP-Dispatcher] INFO  org.easytours.tpmodel.logging.Log4JWrapper - HTTP Request incoming on: GET /tournames/
2022-06-06 13:53:14.454 [HTTP-Dispatcher] DEBUG org.easytours.tpmodel.logging.Log4JWrapper - search query: null
2022-06-06 13:53:14.454 [HTTP-Dispatcher] DEBUG org.easytours.tpmodel.logging.Log4JWrapper - processed query: null
2022-06-06 13:53:16.227 [HTTP-Dispatcher] INFO  org.easytours.tpmodel.logging.Log4JWrapper - HTTP Request incoming on: GET /tourimage/Neue+Tour/
2022-06-06 13:53:48.319 [HTTP-Dispatcher] INFO  org.easytours.tpmodel.logging.Log4JWrapper - HTTP Request incoming on: POST /addLog/Neue+Tour/
2022-06-06 13:54:14.528 [HTTP-Dispatcher] INFO  org.easytours.tpmodel.logging.Log4JWrapper - HTTP Request incoming on: POST /addLog/Neue+Tour/
2022-06-06 13:54:39.107 [HTTP-Dispatcher] INFO  org.easytours.tpmodel.logging.Log4JWrapper - HTTP Request incoming on: POST /addLog/Neue+Tour/
2022-06-06 13:55:38.919 [HTTP-Dispatcher] INFO  org.easytours.tpmodel.logging.Log4JWrapper - HTTP Request incoming on: GET /tournames/
2022-06-06 13:55:38.920 [HTTP-Dispatcher] DEBUG org.easytours.tpmodel.logging.Log4JWrapper - search query: null
2022-06-06 13:55:38.920 [HTTP-Dispatcher] DEBUG org.easytours.tpmodel.logging.Log4JWrapper - processed query: null
2022-06-06 13:55:41.103 [HTTP-Dispatcher] INFO  org.easytours.tpmodel.logging.Log4JWrapper - HTTP Request incoming on: GET /tourimage/Bratislava+Trip/
2022-06-06 13:55:59.106 [HTTP-Dispatcher] INFO  org.easytours.tpmodel.logging.Log4JWrapper - HTTP Request incoming on: POST /addLog/Bratislava+Trip/
2022-06-06 13:57:09.667 [HTTP-Dispatcher] INFO  org.easytours.tpmodel.logging.Log4JWrapper - HTTP Request incoming on: GET /tournames/
2022-06-06 13:57:09.667 [HTTP-Dispatcher] DEBUG org.easytours.tpmodel.logging.Log4JWrapper - search query: null
2022-06-06 13:57:09.667 [HTTP-Dispatcher] DEBUG org.easytours.tpmodel.logging.Log4JWrapper - processed query: null
2022-06-06 13:57:15.442 [HTTP-Dispatcher] INFO  org.easytours.tpmodel.logging.Log4JWrapper - HTTP Request incoming on: GET /tourimage/Neue+Tour/
2022-06-06 13:57:48.903 [HTTP-Dispatcher] INFO  org.easytours.tpmodel.logging.Log4JWrapper - HTTP Request incoming on: POST /addLog/Neue+Tour/
2022-06-06 14:35:07.593 [main] INFO  org.easytours.tpmodel.logging.Log4JWrapper - Attempt to load config...
2022-06-06 14:35:07.759 [main] INFO  org.easytours.tpmodel.logging.Log4JWrapper - Config loaded
2022-06-06 14:35:07.860 [main] INFO  org.easytours.tpmodel.logging.Log4JWrapper - Server running at /0:0:0:0:0:0:0:0 on Port 5001
2022-06-06 14:35:15.908 [HTTP-Dispatcher] INFO  org.easytours.tpmodel.logging.Log4JWrapper - HTTP Request incoming on: GET /tournames/
2022-06-06 14:35:15.909 [HTTP-Dispatcher] DEBUG org.easytours.tpmodel.logging.Log4JWrapper - search query: null
2022-06-06 14:35:15.909 [HTTP-Dispatcher] DEBUG org.easytours.tpmodel.logging.Log4JWrapper - processed query: null
2022-06-06 14:35:24.188 [HTTP-Dispatcher] INFO  org.easytours.tpmodel.logging.Log4JWrapper - HTTP Request incoming on: GET /tournames/
2022-06-06 14:35:24.188 [HTTP-Dispatcher] DEBUG org.easytours.tpmodel.logging.Log4JWrapper - search query: search=wirklich
2022-06-06 14:35:24.188 [HTTP-Dispatcher] DEBUG org.easytours.tpmodel.logging.Log4JWrapper - processed query: wirklich
2022-06-06 14:35:34.027 [HTTP-Dispatcher] INFO  org.easytours.tpmodel.logging.Log4JWrapper - HTTP Request incoming on: GET /tournames/
2022-06-06 14:35:34.027 [HTTP-Dispatcher] DEBUG org.easytours.tpmodel.logging.Log4JWrapper - search query: search=Wirklich
2022-06-06 14:35:34.027 [HTTP-Dispatcher] DEBUG org.easytours.tpmodel.logging.Log4JWrapper - processed query: Wirklich
2022-06-06 14:35:47.760 [HTTP-Dispatcher] INFO  org.easytours.tpmodel.logging.Log4JWrapper - HTTP Request incoming on: GET /tourimage/Wirklich+echter+edin/
2022-06-06 14:36:27.818 [HTTP-Dispatcher] INFO  org.easytours.tpmodel.logging.Log4JWrapper - HTTP Request incoming on: POST /addLog/Wirklich+echter+edin/
2022-06-06 14:39:29.377 [main] INFO  org.easytours.tpmodel.logging.Log4JWrapper - Attempt to load config...
2022-06-06 14:39:29.537 [main] INFO  org.easytours.tpmodel.logging.Log4JWrapper - Config loaded
2022-06-06 14:39:29.651 [main] INFO  org.easytours.tpmodel.logging.Log4JWrapper - Server running at /0:0:0:0:0:0:0:0 on Port 5001
2022-06-06 14:39:54.428 [HTTP-Dispatcher] INFO  org.easytours.tpmodel.logging.Log4JWrapper - HTTP Request incoming on: GET /tournames/
2022-06-06 14:39:54.429 [HTTP-Dispatcher] DEBUG org.easytours.tpmodel.logging.Log4JWrapper - search query: null
2022-06-06 14:39:54.429 [HTTP-Dispatcher] DEBUG org.easytours.tpmodel.logging.Log4JWrapper - processed query: null
2022-06-06 14:40:00.023 [HTTP-Dispatcher] INFO  org.easytours.tpmodel.logging.Log4JWrapper - HTTP Request incoming on: GET /tournames/
2022-06-06 14:40:00.023 [HTTP-Dispatcher] DEBUG org.easytours.tpmodel.logging.Log4JWrapper - search query: search=tour
2022-06-06 14:40:00.023 [HTTP-Dispatcher] DEBUG org.easytours.tpmodel.logging.Log4JWrapper - processed query: tour
2022-06-06 14:40:10.553 [HTTP-Dispatcher] INFO  org.easytours.tpmodel.logging.Log4JWrapper - HTTP Request incoming on: GET /tourimage/Bratislava+Trip/
2022-06-06 14:40:26.166 [HTTP-Dispatcher] INFO  org.easytours.tpmodel.logging.Log4JWrapper - HTTP Request incoming on: GET /tournames/
2022-06-06 14:40:26.166 [HTTP-Dispatcher] DEBUG org.easytours.tpmodel.logging.Log4JWrapper - search query: search=wirklich
2022-06-06 14:40:26.166 [HTTP-Dispatcher] DEBUG org.easytours.tpmodel.logging.Log4JWrapper - processed query: wirklich
2022-06-06 14:40:30.959 [HTTP-Dispatcher] INFO  org.easytours.tpmodel.logging.Log4JWrapper - HTTP Request incoming on: GET /tournames/
2022-06-06 14:40:30.960 [HTTP-Dispatcher] DEBUG org.easytours.tpmodel.logging.Log4JWrapper - search query: search=edin
2022-06-06 14:40:30.960 [HTTP-Dispatcher] DEBUG org.easytours.tpmodel.logging.Log4JWrapper - processed query: edin
2022-06-06 14:40:38.298 [HTTP-Dispatcher] INFO  org.easytours.tpmodel.logging.Log4JWrapper - HTTP Request incoming on: GET /tournames/
2022-06-06 14:40:38.299 [HTTP-Dispatcher] DEBUG org.easytours.tpmodel.logging.Log4JWrapper - search query: search=EDIN
2022-06-06 14:40:38.299 [HTTP-Dispatcher] DEBUG org.easytours.tpmodel.logging.Log4JWrapper - processed query: EDIN
2022-06-06 14:40:38.679 [HTTP-Dispatcher] INFO  org.easytours.tpmodel.logging.Log4JWrapper - HTTP Request incoming on: GET /tournames/
2022-06-06 14:40:38.680 [HTTP-Dispatcher] DEBUG org.easytours.tpmodel.logging.Log4JWrapper - search query: search=EDIN
2022-06-06 14:40:38.680 [HTTP-Dispatcher] DEBUG org.easytours.tpmodel.logging.Log4JWrapper - processed query: EDIN
2022-06-06 14:40:45.162 [HTTP-Dispatcher] INFO  org.easytours.tpmodel.logging.Log4JWrapper - HTTP Request incoming on: GET /tournames/
2022-06-06 14:40:45.162 [HTTP-Dispatcher] DEBUG org.easytours.tpmodel.logging.Log4JWrapper - search query: search=edins
2022-06-06 14:40:45.163 [HTTP-Dispatcher] DEBUG org.easytours.tpmodel.logging.Log4JWrapper - processed query: edins
2022-06-06 14:40:47.514 [HTTP-Dispatcher] INFO  org.easytours.tpmodel.logging.Log4JWrapper - HTTP Request incoming on: GET /tournames/
2022-06-06 14:40:47.514 [HTTP-Dispatcher] DEBUG org.easytours.tpmodel.logging.Log4JWrapper - search query: search=
2022-06-06 14:40:47.514 [HTTP-Dispatcher] DEBUG org.easytours.tpmodel.logging.Log4JWrapper - processed query: 
2022-06-06 14:41:04.795 [HTTP-Dispatcher] INFO  org.easytours.tpmodel.logging.Log4JWrapper - HTTP Request incoming on: GET /tournames/
2022-06-06 14:41:04.795 [HTTP-Dispatcher] DEBUG org.easytours.tpmodel.logging.Log4JWrapper - search query: search=tour
2022-06-06 14:41:04.795 [HTTP-Dispatcher] DEBUG org.easytours.tpmodel.logging.Log4JWrapper - processed query: tour
2022-06-06 14:41:11.391 [HTTP-Dispatcher] INFO  org.easytours.tpmodel.logging.Log4JWrapper - HTTP Request incoming on: GET /tournames/
2022-06-06 14:41:11.391 [HTTP-Dispatcher] DEBUG org.easytours.tpmodel.logging.Log4JWrapper - search query: search=paris
2022-06-06 14:41:11.391 [HTTP-Dispatcher] DEBUG org.easytours.tpmodel.logging.Log4JWrapper - processed query: paris
2022-06-06 14:41:14.280 [HTTP-Dispatcher] INFO  org.easytours.tpmodel.logging.Log4JWrapper - HTTP Request incoming on: GET /tournames/
2022-06-06 14:41:14.281 [HTTP-Dispatcher] DEBUG org.easytours.tpmodel.logging.Log4JWrapper - search query: search=
2022-06-06 14:41:14.281 [HTTP-Dispatcher] DEBUG org.easytours.tpmodel.logging.Log4JWrapper - processed query: 
2022-06-06 14:41:16.475 [HTTP-Dispatcher] INFO  org.easytours.tpmodel.logging.Log4JWrapper - HTTP Request incoming on: GET /tournames/
2022-06-06 14:41:16.475 [HTTP-Dispatcher] DEBUG org.easytours.tpmodel.logging.Log4JWrapper - search query: search=*
2022-06-06 14:41:16.475 [HTTP-Dispatcher] DEBUG org.easytours.tpmodel.logging.Log4JWrapper - processed query: *
2022-06-06 14:41:19.744 [HTTP-Dispatcher] INFO  org.easytours.tpmodel.logging.Log4JWrapper - HTTP Request incoming on: GET /tournames/
2022-06-06 14:41:19.744 [HTTP-Dispatcher] DEBUG org.easytours.tpmodel.logging.Log4JWrapper - search query: search=trip
2022-06-06 14:41:19.744 [HTTP-Dispatcher] DEBUG org.easytours.tpmodel.logging.Log4JWrapper - processed query: trip
2022-06-06 14:41:30.779 [HTTP-Dispatcher] INFO  org.easytours.tpmodel.logging.Log4JWrapper - HTTP Request incoming on: GET /tournames/
2022-06-06 14:41:30.779 [HTTP-Dispatcher] DEBUG org.easytours.tpmodel.logging.Log4JWrapper - search query: search=SELECT+*+FROM+tours;
2022-06-06 14:41:30.779 [HTTP-Dispatcher] DEBUG org.easytours.tpmodel.logging.Log4JWrapper - processed query: SELECT * FROM tours;
2022-06-06 14:41:36.649 [HTTP-Dispatcher] INFO  org.easytours.tpmodel.logging.Log4JWrapper - HTTP Request incoming on: GET /tournames/
2022-06-06 14:41:36.650 [HTTP-Dispatcher] DEBUG org.easytours.tpmodel.logging.Log4JWrapper - search query: search=
2022-06-06 14:41:36.650 [HTTP-Dispatcher] DEBUG org.easytours.tpmodel.logging.Log4JWrapper - processed query: 
2022-06-06 14:41:41.378 [HTTP-Dispatcher] INFO  org.easytours.tpmodel.logging.Log4JWrapper - HTTP Request incoming on: GET /tournames/
2022-06-06 14:41:41.378 [HTTP-Dispatcher] DEBUG org.easytours.tpmodel.logging.Log4JWrapper - search query: search=
2022-06-06 14:41:41.378 [HTTP-Dispatcher] DEBUG org.easytours.tpmodel.logging.Log4JWrapper - processed query: 
2022-06-06 14:42:38.937 [HTTP-Dispatcher] INFO  org.easytours.tpmodel.logging.Log4JWrapper - HTTP Request incoming on: GET /tournames/
2022-06-06 14:42:38.937 [HTTP-Dispatcher] DEBUG org.easytours.tpmodel.logging.Log4JWrapper - search query: null
2022-06-06 14:42:38.937 [HTTP-Dispatcher] DEBUG org.easytours.tpmodel.logging.Log4JWrapper - processed query: null
2022-06-06 14:42:42.014 [HTTP-Dispatcher] INFO  org.easytours.tpmodel.logging.Log4JWrapper - HTTP Request incoming on: GET /tournames/
2022-06-06 14:42:42.014 [HTTP-Dispatcher] DEBUG org.easytours.tpmodel.logging.Log4JWrapper - search query: search=echt
2022-06-06 14:42:42.014 [HTTP-Dispatcher] DEBUG org.easytours.tpmodel.logging.Log4JWrapper - processed query: echt
2022-06-06 14:42:46.726 [HTTP-Dispatcher] INFO  org.easytours.tpmodel.logging.Log4JWrapper - HTTP Request incoming on: GET /tournames/
2022-06-06 14:42:46.726 [HTTP-Dispatcher] DEBUG org.easytours.tpmodel.logging.Log4JWrapper - search query: search=
2022-06-06 14:42:46.726 [HTTP-Dispatcher] DEBUG org.easytours.tpmodel.logging.Log4JWrapper - processed query: 
2022-06-06 14:43:28.879 [HTTP-Dispatcher] INFO  org.easytours.tpmodel.logging.Log4JWrapper - HTTP Request incoming on: GET /tournames/
2022-06-06 14:43:28.880 [HTTP-Dispatcher] DEBUG org.easytours.tpmodel.logging.Log4JWrapper - search query: null
2022-06-06 14:43:28.880 [HTTP-Dispatcher] DEBUG org.easytours.tpmodel.logging.Log4JWrapper - processed query: null
2022-06-06 15:13:10.486 [main] ERROR org.easytours.tpmodel.logging.Log4JWrapper - Can not get tour
2022-06-06 15:39:57.156 [main] ERROR org.easytours.tpmodel.logging.Log4JWrapper - Can not edit tour
2022-06-06 15:39:57.164 [main] ERROR org.easytours.tpmodel.logging.Log4JWrapper - Can not get tour
2022-06-06 15:39:57.166 [main] ERROR org.easytours.tpmodel.logging.Log4JWrapper - Can not add tour
2022-06-06 15:39:57.168 [main] ERROR org.easytours.tpmodel.logging.Log4JWrapper - Can not delete tour
2022-06-06 15:41:30.710 [main] ERROR org.easytours.tpmodel.logging.Log4JWrapper - Can not edit tour
2022-06-06 15:41:30.718 [main] ERROR org.easytours.tpmodel.logging.Log4JWrapper - Can not get tour
2022-06-06 15:41:30.720 [main] ERROR org.easytours.tpmodel.logging.Log4JWrapper - Can not add tour
2022-06-06 15:41:30.723 [main] ERROR org.easytours.tpmodel.logging.Log4JWrapper - Can not delete tour
2022-06-06 15:41:52.781 [main] ERROR org.easytours.tpmodel.logging.Log4JWrapper - Can not edit tour
2022-06-06 15:41:52.788 [main] ERROR org.easytours.tpmodel.logging.Log4JWrapper - Can not get tour
2022-06-06 15:41:52.790 [main] ERROR org.easytours.tpmodel.logging.Log4JWrapper - Can not add tour
2022-06-06 15:41:52.794 [main] ERROR org.easytours.tpmodel.logging.Log4JWrapper - Can not delete tour
2022-06-06 15:43:57.643 [main] ERROR org.easytours.tpmodel.logging.Log4JWrapper - Can not edit tour
2022-06-06 15:43:57.650 [main] ERROR org.easytours.tpmodel.logging.Log4JWrapper - Can not get tour
2022-06-06 15:43:57.652 [main] ERROR org.easytours.tpmodel.logging.Log4JWrapper - Can not add tour
2022-06-06 15:43:57.658 [main] ERROR org.easytours.tpmodel.logging.Log4JWrapper - Can not delete tour
2022-06-06 16:15:52.956 [main] ERROR org.easytours.tpmodel.logging.Log4JWrapper - Can not edit tour
2022-06-06 16:15:52.960 [main] ERROR org.easytours.tpmodel.logging.Log4JWrapper - Can not get tour
2022-06-06 16:15:52.961 [main] ERROR org.easytours.tpmodel.logging.Log4JWrapper - Can not add tour
2022-06-06 16:15:52.965 [main] ERROR org.easytours.tpmodel.logging.Log4JWrapper - Can not delete tour
2022-06-06 16:32:43.816 [main] ERROR org.easytours.tpmodel.logging.Log4JWrapper - Can not edit tour
2022-06-06 16:32:43.820 [main] ERROR org.easytours.tpmodel.logging.Log4JWrapper - Can not get tour
2022-06-06 16:32:43.823 [main] ERROR org.easytours.tpmodel.logging.Log4JWrapper - Can not add tour
2022-06-06 16:32:43.826 [main] ERROR org.easytours.tpmodel.logging.Log4JWrapper - Can not delete tour
2022-06-06 16:39:21.269 [main] ERROR org.easytours.tpmodel.logging.Log4JWrapper - Can not edit tour
2022-06-06 16:39:21.274 [main] ERROR org.easytours.tpmodel.logging.Log4JWrapper - Can not get tour
2022-06-06 16:39:21.277 [main] ERROR org.easytours.tpmodel.logging.Log4JWrapper - Can not add tour
2022-06-06 16:39:21.281 [main] ERROR org.easytours.tpmodel.logging.Log4JWrapper - Can not delete tour
2022-06-06 16:41:11.083 [main] ERROR org.easytours.tpmodel.logging.Log4JWrapper - Can not edit tour
2022-06-06 16:41:11.088 [main] ERROR org.easytours.tpmodel.logging.Log4JWrapper - Can not get tour
2022-06-06 16:41:11.091 [main] ERROR org.easytours.tpmodel.logging.Log4JWrapper - Can not add tour
2022-06-06 16:41:11.094 [main] ERROR org.easytours.tpmodel.logging.Log4JWrapper - Can not delete tour
2022-06-06 16:47:00.677 [main] ERROR org.easytours.tpmodel.logging.Log4JWrapper - Can not edit tour
2022-06-06 16:47:00.682 [main] ERROR org.easytours.tpmodel.logging.Log4JWrapper - Can not get tour
2022-06-06 16:47:00.685 [main] ERROR org.easytours.tpmodel.logging.Log4JWrapper - Can not add tour
2022-06-06 16:47:00.688 [main] ERROR org.easytours.tpmodel.logging.Log4JWrapper - Can not delete tour
2022-06-06 16:52:49.685 [main] ERROR org.easytours.tpmodel.logging.Log4JWrapper - Can not edit tour
2022-06-06 16:52:49.690 [main] ERROR org.easytours.tpmodel.logging.Log4JWrapper - Can not get tour
2022-06-06 16:52:49.694 [main] ERROR org.easytours.tpmodel.logging.Log4JWrapper - Can not add tour
2022-06-06 16:52:49.697 [main] ERROR org.easytours.tpmodel.logging.Log4JWrapper - Can not delete tour
2022-06-06 16:53:49.402 [main] ERROR org.easytours.tpmodel.logging.Log4JWrapper - Can not edit tour
2022-06-06 16:53:49.407 [main] ERROR org.easytours.tpmodel.logging.Log4JWrapper - Can not get tour
2022-06-06 16:53:49.411 [main] ERROR org.easytours.tpmodel.logging.Log4JWrapper - Can not add tour
2022-06-06 16:53:49.414 [main] ERROR org.easytours.tpmodel.logging.Log4JWrapper - Can not delete tour
2022-06-06 16:55:18.636 [main] ERROR org.easytours.tpmodel.logging.Log4JWrapper - Can not edit tour
2022-06-06 16:55:18.641 [main] ERROR org.easytours.tpmodel.logging.Log4JWrapper - Can not get tour
2022-06-06 16:55:18.645 [main] ERROR org.easytours.tpmodel.logging.Log4JWrapper - Can not add tour
2022-06-06 16:55:18.647 [main] ERROR org.easytours.tpmodel.logging.Log4JWrapper - Can not delete tour
2022-06-06 16:56:17.293 [main] ERROR org.easytours.tpmodel.logging.Log4JWrapper - Can not edit tour
2022-06-06 16:56:17.298 [main] ERROR org.easytours.tpmodel.logging.Log4JWrapper - Can not get tour
2022-06-06 16:56:17.301 [main] ERROR org.easytours.tpmodel.logging.Log4JWrapper - Can not add tour
2022-06-06 16:56:17.304 [main] ERROR org.easytours.tpmodel.logging.Log4JWrapper - Can not delete tour
2022-06-06 16:56:52.958 [main] ERROR org.easytours.tpmodel.logging.Log4JWrapper - Can not edit tour
2022-06-06 16:56:52.963 [main] ERROR org.easytours.tpmodel.logging.Log4JWrapper - Can not get tour
2022-06-06 16:56:52.966 [main] ERROR org.easytours.tpmodel.logging.Log4JWrapper - Can not add tour
2022-06-06 16:56:52.969 [main] ERROR org.easytours.tpmodel.logging.Log4JWrapper - Can not delete tour
